Build started 1/13/2016 12:54:51 PM.
     1>Project "C:\Users\Ahn\Desktop\CMPT TUTOR\rpg_ver0064_torch_and_TimeBomb\rpg\rpg.vcxproj" on node 2 (Build target(s)).
     1>ClCompile:
         C:\Program Files (x86)\Microsoft Visual Studio 14.0\VC\bin\CL.exe /c /Zi /nologo /W3 /WX- /sdl /O2 /Oi /Oy- /GL /D WIN32 /D NDEBUG /D _CONSOLE /D VISUAL_STUDIO /D _UNICODE /D UNICODE /Gm- /EHsc /MD /GS /Gy /fp:precise /Zc:wchar_t /Zc:forScope /Zc:inline /Fo"Release\\" /Fd"Release\vc140.pdb" /Gd /TP /analyze- /errorReport:prompt a_star.cpp backpack.cpp board.cpp event.cpp eventqueue.cpp game.cpp game_manager.cpp inventory.cpp item.cpp main.cpp monster.cpp paperdoll.cpp prop.cpp shockwave.cpp sim.cpp sllcontainer.cpp testcases.cpp tile.cpp unit.cpp util.cpp
         a_star.cpp
         backpack.cpp
         board.cpp
         event.cpp
         eventqueue.cpp
         game.cpp
         game_manager.cpp
         inventory.cpp
         item.cpp
         main.cpp
         monster.cpp
         paperdoll.cpp
         prop.cpp
         shockwave.cpp
         sim.cpp
         sllcontainer.cpp
         testcases.cpp
         tile.cpp
         unit.cpp
         util.cpp
       Link:
         C:\Program Files (x86)\Microsoft Visual Studio 14.0\VC\bin\link.exe /ERRORREPORT:PROMPT /OUT:"C:\Users\Ahn\Desktop\CMPT TUTOR\rpg_ver0064_torch_and_TimeBomb\Release\rpg.exe" /INCREMENTAL:NO /NOLOGO kernel32.lib user32.lib gdi32.lib winspool.lib comdlg32.lib advapi32.lib shell32.lib ole32.lib oleaut32.lib uuid.lib odbc32.lib odbccp32.lib /MANIFEST /MANIFESTUAC:"level='asInvoker' uiAccess='false'" /manifest:embed /Debug /PDB:"C:\Users\Ahn\Desktop\CMPT TUTOR\rpg_ver0064_torch_and_TimeBomb\Release\rpg.pdb" /SUBSYSTEM:CONSOLE /OPT:REF /OPT:ICF /LTCG:incremental /TLBID:1 /DYNAMICBASE /NXCOMPAT /IMPLIB:"C:\Users\Ahn\Desktop\CMPT TUTOR\rpg_ver0064_torch_and_TimeBomb\Release\rpg.lib" /MACHINE:X86 /SAFESEH Release\a_star.obj
         Release\backpack.obj
         Release\board.obj
         Release\event.obj
         Release\eventqueue.obj
         Release\game.obj
         Release\game_manager.obj
         Release\inventory.obj
         Release\item.obj
         Release\main.obj
         Release\monster.obj
         Release\paperdoll.obj
         Release\prop.obj
         Release\shockwave.obj
         Release\sim.obj
         Release\sllcontainer.obj
         Release\testcases.obj
         Release\tile.obj
         Release\unit.obj
         Release\util.obj
         Generating code
         All 809 functions were compiled because no usable IPDB/IOBJ from previous compilation was found.
         Finished generating code
         rpg.vcxproj -> C:\Users\Ahn\Desktop\CMPT TUTOR\rpg_ver0064_torch_and_TimeBomb\Release\rpg.exe
     1>Done Building Project "C:\Users\Ahn\Desktop\CMPT TUTOR\rpg_ver0064_torch_and_TimeBomb\rpg\rpg.vcxproj" (Build target(s)).

Build succeeded.

Time Elapsed 00:00:08.41
